app/build/intermediates/manifest_merge_blame_file/debug/manifest-merger-blame-debug-report.txt
1<?xml version="1.0" encoding="utf-8"?>
2<manifest xmlns:android="http://schemas.android.com/apk/res/android"
3    xmlns:dist="http://schemas.android.com/apk/distribution"
4    package="com.example.gradhack"
5    android:versionCode="1"
6    android:versionName="1.0" >
7
8    <uses-sdk
9        android:minSdkVersion="19"
9-->src\main\AndroidManifest.xml
10        android:targetSdkVersion="29" />
10-->src\main\AndroidManifest.xml
11
12    <dist:module dist:instant="true" />
12-->src\main\AndroidManifest.xml:6:5-40
12-->src\main\AndroidManifest.xml:6:18-37
13
14    <uses-permission android:name="android.permission.USE_FINGERPRINT" />
14-->src\main\AndroidManifest.xml:8:5-74
14-->src\main\AndroidManifest.xml:8:22-71
15    <uses-permission android:name="android.permission.INTERNET" />
15-->src\main\AndroidManifest.xml:9:5-66
15-->src\main\AndroidManifest.xml:9:22-64
16
17    <application
17-->src\main\AndroidManifest.xml:11:5-27:19
18        android:allowBackup="true"
18-->src\main\AndroidManifest.xml:12:9-35
19        android:debuggable="true"
20        android:icon="@mipmap/ic_launcher"
20-->src\main\AndroidManifest.xml:13:9-43
21        android:label="@string/app_name"
21-->src\main\AndroidManifest.xml:15:9-41
22        android:roundIcon="@mipmap/ic_launcher_round"
22-->src\main\AndroidManifest.xml:16:9-54
23        android:supportsRtl="true"
23-->src\main\AndroidManifest.xml:17:9-35
24        android:testOnly="true"
25        android:theme="@style/AppTheme"
25-->src\main\AndroidManifest.xml:18:9-40
26        android:usesCleartextTraffic="true" >
26-->src\main\AndroidManifest.xml:14:9-44
27        <activity android:name="com.example.gradhack.HomeActivity" />
27-->src\main\AndroidManifest.xml:19:9-59
27-->src\main\AndroidManifest.xml:19:19-47
28        <activity android:name="com.example.gradhack.MainActivity" >
28-->src\main\AndroidManifest.xml:20:9-26:20
28-->src\main\AndroidManifest.xml:20:19-47
29            <intent-filter>
29-->src\main\AndroidManifest.xml:21:13-25:29
30                <action android:name="android.intent.action.MAIN" />
30-->src\main\AndroidManifest.xml:22:17-69
30-->src\main\AndroidManifest.xml:22:25-66
31
32                <category android:name="android.intent.category.LAUNCHER" />
32-->src\main\AndroidManifest.xml:24:17-77
32-->src\main\AndroidManifest.xml:24:27-74
33            </intent-filter>
34        </activity>
35
36        <meta-data
36-->[com.android.support:appcompat-v7:26.1.0] AndroidManifest.xml:26:9-28:38
37            android:name="android.support.VERSION"
37-->[com.android.support:appcompat-v7:26.1.0] AndroidManifest.xml:27:13-51
38            android:value="26.1.0" />
38-->[com.android.support:appcompat-v7:26.1.0] AndroidManifest.xml:28:13-35
39        <meta-data
39-->[android.arch.lifecycle:runtime:1.0.0] AndroidManifest.xml:25:9-27:47
40            android:name="android.arch.lifecycle.VERSION"
40-->[android.arch.lifecycle:runtime:1.0.0] AndroidManifest.xml:26:13-58
41            android:value="27.0.0-SNAPSHOT" />
41-->[android.arch.lifecycle:runtime:1.0.0] AndroidManifest.xml:27:13-44
42    </application>
43
44</manifest>